2025-12-23T10:05:08.057Z [gral] info: Servidor corriendo en puerto 5000
2025-12-23T10:12:51.637Z [gral] info: Servidor corriendo en puerto 5000
2025-12-23T10:18:14.601Z [trasplanta] debug: Auto trasplantando comparacion (fin: _fin)
2025-12-23T10:39:12.061Z [gral] info: Servidor corriendo en puerto 5000
2025-12-23T10:57:47.760Z [gral] info: Servidor corriendo en puerto 5000
2025-12-23T11:00:01.512Z [gral] info: Servidor corriendo en puerto 5000
2025-12-23T11:03:49.377Z [gral] info: Servidor corriendo en puerto 5000
2025-12-23T11:08:22.794Z [gral] info: Servidor corriendo en puerto 5000
2025-12-23T11:13:03.168Z [gral] info: Servidor corriendo en puerto 5000
2025-12-23T11:13:04.589Z [trasplanta] debug: Auto trasplantando doble (fin: _fin)
2025-12-23T11:14:51.975Z [trasplanta] debug: Auto trasplantando doble (fin: _fin)
2025-12-23T11:16:06.963Z [gral] info: Servidor corriendo en puerto 5000
2025-12-23T11:16:08.297Z [trasplanta] debug: Auto trasplantando doble (fin: _fin)
2025-12-23T11:17:52.298Z [gral] info: Servidor corriendo en puerto 5000
2025-12-23T11:18:05.127Z [trasplanta] debug: Trasplantando doble (Marca fin: _fin)
2025-12-23T11:18:44.359Z [trasplanta] debug: Trasplantando doble (Marca fin: _fin)
2025-12-23T11:20:22.699Z [trasplanta] debug: Trasplantando doble (Marca fin: _fin)
2025-12-23T11:22:19.324Z [trasplanta] debug: Trasplantando doble (Marca fin: _fin)
2025-12-23T12:13:59.832Z [trasplanta] debug: Trasplantando doble (Marca fin: _fin)
2025-12-23T12:14:51.073Z [gral] info: Servidor corriendo en puerto 5000
2025-12-23T12:15:15.965Z [trasplanta] debug: Trasplantando doble (Marca fin: _fin)
2025-12-23T12:15:22.528Z [trasplanta] debug: Trasplantando doble (Marca fin: _fin)
2025-12-23T12:16:39.633Z [gral] info: Servidor corriendo en puerto 5000
2025-12-23T12:16:40.839Z [trasplanta] debug: Iniciando trasplante de doble
2025-12-23T12:16:49.699Z [trasplanta] debug: Iniciando trasplante de doble
2025-12-23T12:17:24.048Z [trasplanta] debug: Iniciando trasplante de doble
2025-12-23T12:19:16.446Z [gral] info: Servidor corriendo en puerto 5000
2025-12-23T12:19:23.589Z [trasplanta] debug: Trasplantando doble (Marca fin: _fin)
2025-12-23T12:24:19.300Z [trasplanta] debug: Trasplantando comparacion (Marca fin: _fin)
2025-12-23T12:24:26.896Z [trasplanta] debug: Trasplantando calcular_mayor (Marca fin: _fin)
2025-12-23T12:24:30.702Z [trasplanta] debug: Trasplantando factorial (Marca fin: _fin)
2025-12-23T12:24:33.360Z [trasplanta] debug: Trasplantando doble (Marca fin: _fin)
2025-12-23T12:24:36.305Z [trasplanta] debug: Trasplantando doble (Marca fin: _fin)
2025-12-23T12:24:41.030Z [trasplanta] debug: Trasplantando doble (Marca fin: _fin)
2025-12-23T12:25:44.529Z [trasplanta] debug: Trasplantando doble (Marca fin: _fin)
2025-12-23T12:30:12.235Z [trasplanta] debug: Trasplantando doble (Marca fin: _fin)
2025-12-23T12:30:46.719Z [trasplanta] debug: Trasplantando doble (Marca fin: _fin)
2025-12-23T12:31:46.142Z [trasplanta] debug: Trasplantando doble (Marca fin: _fin)
2025-12-23T12:32:18.819Z [trasplanta] debug: Trasplantando doble (Marca fin: _fin)
2025-12-23T12:33:09.999Z [trasplanta] debug: Trasplantando doble (Marca fin: _fin)
2025-12-23T12:33:17.656Z [trasplanta] debug: Trasplantando doble (Marca fin: _fin)
2025-12-23T12:33:20.557Z [trasplanta] debug: Trasplantando doble (Marca fin: _fin)
2025-12-23T12:33:46.059Z [trasplanta] debug: Trasplantando doble (Marca fin: _fin)
2025-12-23T12:41:49.194Z [trasplanta] debug: Trasplantando doble (Marca fin: _fin)
2025-12-23T12:42:06.769Z [trasplanta] debug: Trasplantando doble (Marca fin: _fin)
2025-12-23T12:42:18.331Z [trasplanta] debug: Trasplantando doble (Marca fin: _fin)
2025-12-23T12:42:32.289Z [trasplanta] debug: Trasplantando doble (Marca fin: _fin)
2025-12-23T12:42:37.463Z [trasplanta] debug: Trasplantando doble (Marca fin: _fin)
2025-12-23T12:42:48.174Z [trasplanta] debug: Trasplantando doble (Marca fin: _fin)
2025-12-23T12:43:02.887Z [trasplanta] debug: Trasplantando doble (Marca fin: _fin)
2025-12-23T12:43:08.374Z [trasplanta] debug: Trasplantando doble (Marca fin: _fin)
2025-12-23T12:43:38.203Z [trasplanta] debug: Trasplantando doble (Marca fin: _fin)
2025-12-23T12:44:21.677Z [trasplanta] debug: Trasplantando factorial (Marca fin: _fin)
2025-12-23T12:44:24.430Z [trasplanta] debug: Trasplantando doble (Marca fin: _fin)
2025-12-23T12:44:27.677Z [trasplanta] debug: Trasplantando calcular_mayor (Marca fin: _fin)
2025-12-23T12:47:29.810Z [trasplanta] debug: Trasplantando doble (Marca fin: _fin)
2025-12-23T12:48:04.245Z [trasplanta] debug: Trasplantando comparacion (Marca fin: _fin)
2025-12-23T12:48:07.258Z [trasplanta] debug: Trasplantando doble (Marca fin: _fin)
2025-12-23T12:48:20.889Z [trasplanta] debug: Trasplantando doble (Marca fin: _fin)
2025-12-23T12:57:24.440Z [trasplanta] debug: Trasplantando doble (Marca fin: _fin)
2025-12-23T12:57:33.746Z [trasplanta] debug: Trasplantando doble (Marca fin: _fin)
2025-12-23T12:57:45.073Z [trasplanta] debug: Trasplantando doble (Marca fin: _fin)
2025-12-23T12:58:21.718Z [trasplanta] debug: Trasplantando doble (Marca fin: _fin)
2025-12-23T13:29:03.866Z [gral] info: Servidor corriendo en puerto 5000
2025-12-23T13:31:07.091Z [gral] info: Servidor corriendo en puerto 5000
2025-12-23T13:34:22.121Z [gral] info: Servidor corriendo en puerto 5000
2025-12-23T13:38:13.094Z [gral] info: Servidor corriendo en puerto 5000
2025-12-23T13:39:59.778Z [gral] info: Servidor corriendo en puerto 5000
2025-12-23T14:55:22.015Z [gral] info: Servidor corriendo en puerto 5000
2025-12-23T14:56:28.578Z [gral] info: Servidor corriendo en puerto 5000
2025-12-23T14:59:44.177Z [gral] info: Servidor corriendo en puerto 5000
2025-12-23T15:08:48.194Z [gral] info: Servidor corriendo en puerto 5000
2025-12-23T15:13:45.855Z [trasplanta] debug: Trasplantando filas_con_mayores con librería extra.
2025-12-23T15:14:07.797Z [gral] info: Servidor corriendo en puerto 5000
2025-12-23T15:14:09.667Z [trasplanta] debug: Trasplantando filas_con_mayores con librería extra.
2025-12-23T15:16:29.304Z [trasplanta] debug: Trasplantando filas_con_mayores con librería extra.
2025-12-23T15:17:07.574Z [trasplanta] debug: Trasplantando filas_con_mayores con librería extra.
2025-12-23T15:17:33.187Z [trasplanta] debug: Trasplantando filas_con_mayores con librería extra.
2025-12-23T15:17:58.268Z [trasplanta] debug: Trasplantando filas_con_mayores con librería extra.
2025-12-23T15:18:26.510Z [trasplanta] debug: Trasplantando filas_con_mayores con librería extra.
2025-12-23T15:19:17.744Z [gral] info: Servidor corriendo en puerto 5000
2025-12-23T15:20:58.252Z [gral] info: Servidor corriendo en puerto 5000
2025-12-23T15:23:08.392Z [gral] info: Servidor corriendo en puerto 5000
2025-12-23T15:27:03.095Z [gral] info: Servidor corriendo en puerto 5000
2025-12-23T15:28:31.398Z [gral] info: Servidor corriendo en puerto 5000
2025-12-23T15:30:13.548Z [gral] info: Servidor corriendo en puerto 5000
2025-12-23T19:32:01.931Z [gral] info: Servidor corriendo en puerto 5000
2025-12-23T19:40:40.660Z [gral] info: Servidor corriendo en puerto 5000
2025-12-23T19:42:11.559Z [gral] info: Servidor corriendo en puerto 5000
2025-12-23T19:45:26.126Z [gral] info: Servidor corriendo en puerto 5000
2025-12-23T19:49:24.812Z [gral] info: Servidor corriendo en puerto 5000
2025-12-23T19:50:46.009Z [gral] info: Servidor corriendo en puerto 5000
2025-12-23T19:52:48.140Z [gral] info: Servidor corriendo en puerto 5000
